2022-01-26 10:15:53.864  INFO 11148 --- [Test worker] c.s.p.a.r.TestTableRepositoryTest        : Starting TestTableRepositoryTest using Java 1.8.0_192 on DESKTOP-KVCQHCD with PID 11148 (started by SSAFY in C:\ssafy\project1\backend)
2022-01-26 10:15:53.868  INFO 11148 --- [Test worker] c.s.p.a.r.TestTableRepositoryTest        : No active profile set, falling back to default profiles: default
2022-01-26 10:15:53.901 DEBUG 11148 --- [Test worker] o.s.w.c.s.GenericWebApplicationContext   : Refreshing org.springframework.web.context.support.GenericWebApplicationContext@741b3bc3
2022-01-26 10:15:54.377  INFO 11148 --- [Test worker] .s.d.r.c.RepositoryConfigurationDelegate : Bootstrapping Spring Data JPA repositories in DEFAULT mode.
2022-01-26 10:15:54.391  INFO 11148 --- [Test worker] .s.d.r.c.RepositoryConfigurationDelegate : Finished Spring Data repository scanning in 6 ms. Found 0 JPA repository interfaces.
2022-01-26 10:15:54.946  INFO 11148 --- [Test worker] com.zaxxer.hikari.HikariDataSource       : HikariPool-1 - Starting...
2022-01-26 10:15:55.213  INFO 11148 --- [Test worker] com.zaxxer.hikari.HikariDataSource       : HikariPool-1 - Start completed.
2022-01-26 10:15:55.278  INFO 11148 --- [Test worker] o.hibernate.jpa.internal.util.LogHelper  : HHH000204: Processing PersistenceUnitInfo [name: default]
2022-01-26 10:15:55.334  INFO 11148 --- [Test worker] org.hibernate.Version                    : HHH000412: Hibernate ORM core version 5.6.4.Final
2022-01-26 10:15:55.510  INFO 11148 --- [Test worker] o.hibernate.annotations.common.Version   : HCANN000001: Hibernate Commons Annotations {5.1.2.Final}
2022-01-26 10:15:55.543 DEBUG 11148 --- [Test worker] org.hibernate.type.BasicTypeRegistry     : Adding type registration boolean -> org.hibernate.type.BooleanType@4c51077d
2022-01-26 10:15:55.544 DEBUG 11148 --- [Test worker] org.hibernate.type.BasicTypeRegistry     : Adding type registration boolean -> org.hibernate.type.BooleanType@4c51077d
2022-01-26 10:15:55.544 DEBUG 11148 --- [Test worker] org.hibernate.type.BasicTypeRegistry     : Adding type registration java.lang.Boolean -> org.hibernate.type.BooleanType@4c51077d
2022-01-26 10:15:55.545 DEBUG 11148 --- [Test worker] org.hibernate.type.BasicTypeRegistry     : Adding type registration numeric_boolean -> org.hibernate.type.NumericBooleanType@66bf40e5
2022-01-26 10:15:55.545 DEBUG 11148 --- [Test worker] org.hibernate.type.BasicTypeRegistry     : Adding type registration true_false -> org.hibernate.type.TrueFalseType@39666e42
2022-01-26 10:15:55.546 DEBUG 11148 --- [Test worker] org.hibernate.type.BasicTypeRegistry     : Adding type registration yes_no -> org.hibernate.type.YesNoType@60f21960
2022-01-26 10:15:55.548 DEBUG 11148 --- [Test worker] org.hibernate.type.BasicTypeRegistry     : Adding type registration byte -> org.hibernate.type.ByteType@3becc950
2022-01-26 10:15:55.548 DEBUG 11148 --- [Test worker] org.hibernate.type.BasicTypeRegistry     : Adding type registration byte -> org.hibernate.type.ByteType@3becc950
2022-01-26 10:15:55.548 DEBUG 11148 --- [Test worker] org.hibernate.type.BasicTypeRegistry     : Adding type registration java.lang.Byte -> org.hibernate.type.ByteType@3becc950
2022-01-26 10:15:55.549 DEBUG 11148 --- [Test worker] org.hibernate.type.BasicTypeRegistry     : Adding type registration character -> org.hibernate.type.CharacterType@1a01d7f0
2022-01-26 10:15:55.550 DEBUG 11148 --- [Test worker] org.hibernate.type.BasicTypeRegistry     : Adding type registration char -> org.hibernate.type.CharacterType@1a01d7f0
2022-01-26 10:15:55.550 DEBUG 11148 --- [Test worker] org.hibernate.type.BasicTypeRegistry     : Adding type registration java.lang.Character -> org.hibernate.type.CharacterType@1a01d7f0
2022-01-26 10:15:55.551 DEBUG 11148 --- [Test worker] org.hibernate.type.BasicTypeRegistry     : Adding type registration short -> org.hibernate.type.ShortType@20c812c8
2022-01-26 10:15:55.551 DEBUG 11148 --- [Test worker] org.hibernate.type.BasicTypeRegistry     : Adding type registration short -> org.hibernate.type.ShortType@20c812c8
2022-01-26 10:15:55.552 DEBUG 11148 --- [Test worker] org.hibernate.type.BasicTypeRegistry     : Adding type registration java.lang.Short -> org.hibernate.type.ShortType@20c812c8
2022-01-26 10:15:55.553 DEBUG 11148 --- [Test worker] org.hibernate.type.BasicTypeRegistry     : Adding type registration integer -> org.hibernate.type.IntegerType@746c411c
2022-01-26 10:15:55.553 DEBUG 11148 --- [Test worker] org.hibernate.type.BasicTypeRegistry     : Adding type registration int -> org.hibernate.type.IntegerType@746c411c
2022-01-26 10:15:55.553 DEBUG 11148 --- [Test worker] org.hibernate.type.BasicTypeRegistry     : Adding type registration java.lang.Integer -> org.hibernate.type.IntegerType@746c411c
2022-01-26 10:15:55.555 DEBUG 11148 --- [Test worker] org.hibernate.type.BasicTypeRegistry     : Adding type registration long -> org.hibernate.type.LongType@61db86bf
2022-01-26 10:15:55.555 DEBUG 11148 --- [Test worker] org.hibernate.type.BasicTypeRegistry     : Adding type registration long -> org.hibernate.type.LongType@61db86bf
2022-01-26 10:15:55.555 DEBUG 11148 --- [Test worker] org.hibernate.type.BasicTypeRegistry     : Adding type registration java.lang.Long -> org.hibernate.type.LongType@61db86bf
2022-01-26 10:15:55.556 DEBUG 11148 --- [Test worker] org.hibernate.type.BasicTypeRegistry     : Adding type registration float -> org.hibernate.type.FloatType@3281dfc2
2022-01-26 10:15:55.556 DEBUG 11148 --- [Test worker] org.hibernate.type.BasicTypeRegistry     : Adding type registration float -> org.hibernate.type.FloatType@3281dfc2
2022-01-26 10:15:55.556 DEBUG 11148 --- [Test worker] org.hibernate.type.BasicTypeRegistry     : Adding type registration java.lang.Float -> org.hibernate.type.FloatType@3281dfc2
2022-01-26 10:15:55.557 DEBUG 11148 --- [Test worker] org.hibernate.type.BasicTypeRegistry     : Adding type registration double -> org.hibernate.type.DoubleType@5eabff6b
2022-01-26 10:15:55.557 DEBUG 11148 --- [Test worker] org.hibernate.type.BasicTypeRegistry     : Adding type registration double -> org.hibernate.type.DoubleType@5eabff6b
2022-01-26 10:15:55.557 DEBUG 11148 --- [Test worker] org.hibernate.type.BasicTypeRegistry     : Adding type registration java.lang.Double -> org.hibernate.type.DoubleType@5eabff6b
2022-01-26 10:15:55.558 DEBUG 11148 --- [Test worker] org.hibernate.type.BasicTypeRegistry     : Adding type registration big_decimal -> org.hibernate.type.BigDecimalType@2001e48c
2022-01-26 10:15:55.558 DEBUG 11148 --- [Test worker] org.hibernate.type.BasicTypeRegistry     : Adding type registration java.math.BigDecimal -> org.hibernate.type.BigDecimalType@2001e48c
2022-01-26 10:15:55.559 DEBUG 11148 --- [Test worker] org.hibernate.type.BasicTypeRegistry     : Adding type registration big_integer -> org.hibernate.type.BigIntegerType@4f379769
2022-01-26 10:15:55.559 DEBUG 11148 --- [Test worker] org.hibernate.type.BasicTypeRegistry     : Adding type registration java.math.BigInteger -> org.hibernate.type.BigIntegerType@4f379769
2022-01-26 10:15:55.561 DEBUG 11148 --- [Test worker] org.hibernate.type.BasicTypeRegistry     : Adding type registration string -> org.hibernate.type.StringType@36776c32
2022-01-26 10:15:55.561 DEBUG 11148 --- [Test worker] org.hibernate.type.BasicTypeRegistry     : Adding type registration java.lang.String -> org.hibernate.type.StringType@36776c32
2022-01-26 10:15:55.561 DEBUG 11148 --- [Test worker] org.hibernate.type.BasicTypeRegistry     : Adding type registration nstring -> org.hibernate.type.StringNVarcharType@7e1ffe70
2022-01-26 10:15:55.562 DEBUG 11148 --- [Test worker] org.hibernate.type.BasicTypeRegistry     : Adding type registration ncharacter -> org.hibernate.type.CharacterNCharType@5a1f778
2022-01-26 10:15:55.563 DEBUG 11148 --- [Test worker] org.hibernate.type.BasicTypeRegistry     : Adding type registration url -> org.hibernate.type.UrlType@72906e
2022-01-26 10:15:55.563 DEBUG 11148 --- [Test worker] org.hibernate.type.BasicTypeRegistry     : Adding type registration java.net.URL -> org.hibernate.type.UrlType@72906e
2022-01-26 10:15:55.564 DEBUG 11148 --- [Test worker] org.hibernate.type.BasicTypeRegistry     : Adding type registration Duration -> org.hibernate.type.DurationType@5099c59b
2022-01-26 10:15:55.564 DEBUG 11148 --- [Test worker] org.hibernate.type.BasicTypeRegistry     : Adding type registration java.time.Duration -> org.hibernate.type.DurationType@5099c59b
2022-01-26 10:15:55.565 DEBUG 11148 --- [Test worker] org.hibernate.type.BasicTypeRegistry     : Adding type registration Instant -> org.hibernate.type.InstantType@3a479fda
2022-01-26 10:15:55.565 DEBUG 11148 --- [Test worker] org.hibernate.type.BasicTypeRegistry     : Adding type registration java.time.Instant -> org.hibernate.type.InstantType@3a479fda
2022-01-26 10:15:55.567 DEBUG 11148 --- [Test worker] org.hibernate.type.BasicTypeRegistry     : Adding type registration LocalDateTime -> org.hibernate.type.LocalDateTimeType@76ff68c5
2022-01-26 10:15:55.567 DEBUG 11148 --- [Test worker] org.hibernate.type.BasicTypeRegistry     : Adding type registration java.time.LocalDateTime -> org.hibernate.type.LocalDateTimeType@76ff68c5
2022-01-26 10:15:55.568 DEBUG 11148 --- [Test worker] org.hibernate.type.BasicTypeRegistry     : Adding type registration LocalDate -> org.hibernate.type.LocalDateType@3332c7a5
2022-01-26 10:15:55.569 DEBUG 11148 --- [Test worker] org.hibernate.type.BasicTypeRegistry     : Adding type registration java.time.LocalDate -> org.hibernate.type.LocalDateType@3332c7a5
2022-01-26 10:15:55.570 DEBUG 11148 --- [Test worker] org.hibernate.type.BasicTypeRegistry     : Adding type registration LocalTime -> org.hibernate.type.LocalTimeType@6adc5b9c
2022-01-26 10:15:55.570 DEBUG 11148 --- [Test worker] org.hibernate.type.BasicTypeRegistry     : Adding type registration java.time.LocalTime -> org.hibernate.type.LocalTimeType@6adc5b9c
2022-01-26 10:15:55.572 DEBUG 11148 --- [Test worker] org.hibernate.type.BasicTypeRegistry     : Adding type registration OffsetDateTime -> org.hibernate.type.OffsetDateTimeType@76d7881e
2022-01-26 10:15:55.572 DEBUG 11148 --- [Test worker] org.hibernate.type.BasicTypeRegistry     : Adding type registration java.time.OffsetDateTime -> org.hibernate.type.OffsetDateTimeType@76d7881e
2022-01-26 10:15:55.573 DEBUG 11148 --- [Test worker] org.hibernate.type.BasicTypeRegistry     : Adding type registration OffsetTime -> org.hibernate.type.OffsetTimeType@1f87607c
2022-01-26 10:15:55.574 DEBUG 11148 --- [Test worker] org.hibernate.type.BasicTypeRegistry     : Adding type registration java.time.OffsetTime -> org.hibernate.type.OffsetTimeType@1f87607c
2022-01-26 10:15:55.575 DEBUG 11148 --- [Test worker] org.hibernate.type.BasicTypeRegistry     : Adding type registration ZonedDateTime -> org.hibernate.type.ZonedDateTimeType@721d8ab5
2022-01-26 10:15:55.576 DEBUG 11148 --- [Test worker] org.hibernate.type.BasicTypeRegistry     : Adding type registration java.time.ZonedDateTime -> org.hibernate.type.ZonedDateTimeType@721d8ab5
2022-01-26 10:15:55.578 DEBUG 11148 --- [Test worker] org.hibernate.type.BasicTypeRegistry     : Adding type registration date -> org.hibernate.type.DateType@70029d2d
2022-01-26 10:15:55.578 DEBUG 11148 --- [Test worker] org.hibernate.type.BasicTypeRegistry     : Adding type registration java.sql.Date -> org.hibernate.type.DateType@70029d2d
2022-01-26 10:15:55.579 DEBUG 11148 --- [Test worker] org.hibernate.type.BasicTypeRegistry     : Adding type registration time -> org.hibernate.type.TimeType@16a5c7e4
2022-01-26 10:15:55.580 DEBUG 11148 --- [Test worker] org.hibernate.type.BasicTypeRegistry     : Adding type registration java.sql.Time -> org.hibernate.type.TimeType@16a5c7e4
2022-01-26 10:15:55.581 DEBUG 11148 --- [Test worker] org.hibernate.type.BasicTypeRegistry     : Adding type registration timestamp -> org.hibernate.type.TimestampType@36ef1d65
2022-01-26 10:15:55.581 DEBUG 11148 --- [Test worker] org.hibernate.type.BasicTypeRegistry     : Adding type registration java.sql.Timestamp -> org.hibernate.type.TimestampType@36ef1d65
2022-01-26 10:15:55.581 DEBUG 11148 --- [Test worker] org.hibernate.type.BasicTypeRegistry     : Adding type registration java.util.Date -> org.hibernate.type.TimestampType@36ef1d65
2022-01-26 10:15:55.583 DEBUG 11148 --- [Test worker] org.hibernate.type.BasicTypeRegistry     : Adding type registration dbtimestamp -> org.hibernate.type.DbTimestampType@6003ad65
2022-01-26 10:15:55.584 DEBUG 11148 --- [Test worker] org.hibernate.type.BasicTypeRegistry     : Adding type registration calendar -> org.hibernate.type.CalendarType@13bdf540
2022-01-26 10:15:55.584 DEBUG 11148 --- [Test worker] org.hibernate.type.BasicTypeRegistry     : Adding type registration java.util.Calendar -> org.hibernate.type.CalendarType@13bdf540
2022-01-26 10:15:55.584 DEBUG 11148 --- [Test worker] org.hibernate.type.BasicTypeRegistry     : Adding type registration java.util.GregorianCalendar -> org.hibernate.type.CalendarType@13bdf540
2022-01-26 10:15:55.585 DEBUG 11148 --- [Test worker] org.hibernate.type.BasicTypeRegistry     : Adding type registration calendar_date -> org.hibernate.type.CalendarDateType@4a9860
2022-01-26 10:15:55.586 DEBUG 11148 --- [Test worker] org.hibernate.type.BasicTypeRegistry     : Adding type registration calendar_time -> org.hibernate.type.CalendarTimeType@691500ab
2022-01-26 10:15:55.586 DEBUG 11148 --- [Test worker] org.hibernate.type.BasicTypeRegistry     : Adding type registration locale -> org.hibernate.type.LocaleType@5cff6b74
2022-01-26 10:15:55.587 DEBUG 11148 --- [Test worker] org.hibernate.type.BasicTypeRegistry     : Adding type registration java.util.Locale -> org.hibernate.type.LocaleType@5cff6b74
2022-01-26 10:15:55.588 DEBUG 11148 --- [Test worker] org.hibernate.type.BasicTypeRegistry     : Adding type registration currency -> org.hibernate.type.CurrencyType@134f8ef6
2022-01-26 10:15:55.588 DEBUG 11148 --- [Test worker] org.hibernate.type.BasicTypeRegistry     : Adding type registration java.util.Currency -> org.hibernate.type.CurrencyType@134f8ef6
2022-01-26 10:15:55.589 DEBUG 11148 --- [Test worker] org.hibernate.type.BasicTypeRegistry     : Adding type registration timezone -> org.hibernate.type.TimeZoneType@52559a69
2022-01-26 10:15:55.589 DEBUG 11148 --- [Test worker] org.hibernate.type.BasicTypeRegistry     : Adding type registration java.util.TimeZone -> org.hibernate.type.TimeZoneType@52559a69
2022-01-26 10:15:55.590 DEBUG 11148 --- [Test worker] org.hibernate.type.BasicTypeRegistry     : Adding type registration class -> org.hibernate.type.ClassType@5b202ff
2022-01-26 10:15:55.591 DEBUG 11148 --- [Test worker] org.hibernate.type.BasicTypeRegistry     : Adding type registration java.lang.Class -> org.hibernate.type.ClassType@5b202ff
2022-01-26 10:15:55.592 DEBUG 11148 --- [Test worker] org.hibernate.type.BasicTypeRegistry     : Adding type registration uuid-binary -> org.hibernate.type.UUIDBinaryType@6b649efa
2022-01-26 10:15:55.592 DEBUG 11148 --- [Test worker] org.hibernate.type.BasicTypeRegistry     : Adding type registration java.util.UUID -> org.hibernate.type.UUIDBinaryType@6b649efa
2022-01-26 10:15:55.592 DEBUG 11148 --- [Test worker] org.hibernate.type.BasicTypeRegistry     : Adding type registration uuid-char -> org.hibernate.type.UUIDCharType@72543547
2022-01-26 10:15:55.594 DEBUG 11148 --- [Test worker] org.hibernate.type.BasicTypeRegistry     : Adding type registration binary -> org.hibernate.type.BinaryType@9687f55
2022-01-26 10:15:55.594 DEBUG 11148 --- [Test worker] org.hibernate.type.BasicTypeRegistry     : Adding type registration byte[] -> org.hibernate.type.BinaryType@9687f55
2022-01-26 10:15:55.594 DEBUG 11148 --- [Test worker] org.hibernate.type.BasicTypeRegistry     : Adding type registration [B -> org.hibernate.type.BinaryType@9687f55
2022-01-26 10:15:55.595 DEBUG 11148 --- [Test worker] org.hibernate.type.BasicTypeRegistry     : Adding type registration wrapper-binary -> org.hibernate.type.WrapperBinaryType@706ceca6
2022-01-26 10:15:55.595 DEBUG 11148 --- [Test worker] org.hibernate.type.BasicTypeRegistry     : Adding type registration Byte[] -> org.hibernate.type.WrapperBinaryType@706ceca6
2022-01-26 10:15:55.595 DEBUG 11148 --- [Test worker] org.hibernate.type.BasicTypeRegistry     : Adding type registration [Ljava.lang.Byte; -> org.hibernate.type.WrapperBinaryType@706ceca6
2022-01-26 10:15:55.596 DEBUG 11148 --- [Test worker] org.hibernate.type.BasicTypeRegistry     : Adding type registration row_version -> org.hibernate.type.RowVersionType@6a15b73
2022-01-26 10:15:55.597 DEBUG 11148 --- [Test worker] org.hibernate.type.BasicTypeRegistry     : Adding type registration image -> org.hibernate.type.ImageType@25ffd826
2022-01-26 10:15:55.598 DEBUG 11148 --- [Test worker] org.hibernate.type.BasicTypeRegistry     : Adding type registration characters -> org.hibernate.type.CharArrayType@78910096
2022-01-26 10:15:55.598 DEBUG 11148 --- [Test worker] org.hibernate.type.BasicTypeRegistry     : Adding type registration char[] -> org.hibernate.type.CharArrayType@78910096
2022-01-26 10:15:55.598 DEBUG 11148 --- [Test worker] org.hibernate.type.BasicTypeRegistry     : Adding type registration [C -> org.hibernate.type.CharArrayType@78910096
2022-01-26 10:15:55.599 DEBUG 11148 --- [Test worker] org.hibernate.type.BasicTypeRegistry     : Adding type registration wrapper-characters -> org.hibernate.type.CharacterArrayType@7364eed1
2022-01-26 10:15:55.599 DEBUG 11148 --- [Test worker] org.hibernate.type.BasicTypeRegistry     : Adding type registration [Ljava.lang.Character; -> org.hibernate.type.CharacterArrayType@7364eed1
2022-01-26 10:15:55.599 DEBUG 11148 --- [Test worker] org.hibernate.type.BasicTypeRegistry     : Adding type registration Character[] -> org.hibernate.type.CharacterArrayType@7364eed1
2022-01-26 10:15:55.600 DEBUG 11148 --- [Test worker] org.hibernate.type.BasicTypeRegistry     : Adding type registration text -> org.hibernate.type.TextType@31973858
2022-01-26 10:15:55.600 DEBUG 11148 --- [Test worker] org.hibernate.type.BasicTypeRegistry     : Adding type registration ntext -> org.hibernate.type.NTextType@773014d3
2022-01-26 10:15:55.601 DEBUG 11148 --- [Test worker] org.hibernate.type.BasicTypeRegistry     : Adding type registration blob -> org.hibernate.type.BlobType@67bb4dcd
2022-01-26 10:15:55.601 DEBUG 11148 --- [Test worker] org.hibernate.type.BasicTypeRegistry     : Adding type registration java.sql.Blob -> org.hibernate.type.BlobType@67bb4dcd
2022-01-26 10:15:55.602 DEBUG 11148 --- [Test worker] org.hibernate.type.BasicTypeRegistry     : Adding type registration materialized_blob -> org.hibernate.type.MaterializedBlobType@61bb1e4d
2022-01-26 10:15:55.603 DEBUG 11148 --- [Test worker] org.hibernate.type.BasicTypeRegistry     : Adding type registration clob -> org.hibernate.type.ClobType@603cabc4
2022-01-26 10:15:55.604 DEBUG 11148 --- [Test worker] org.hibernate.type.BasicTypeRegistry     : Adding type registration java.sql.Clob -> org.hibernate.type.ClobType@603cabc4
2022-01-26 10:15:55.605 DEBUG 11148 --- [Test worker] org.hibernate.type.BasicTypeRegistry     : Adding type registration nclob -> org.hibernate.type.NClobType@996a546
2022-01-26 10:15:55.605 DEBUG 11148 --- [Test worker] org.hibernate.type.BasicTypeRegistry     : Adding type registration java.sql.NClob -> org.hibernate.type.NClobType@996a546
2022-01-26 10:15:55.605 DEBUG 11148 --- [Test worker] org.hibernate.type.BasicTypeRegistry     : Adding type registration materialized_clob -> org.hibernate.type.MaterializedClobType@5a7df831
2022-01-26 10:15:55.606 DEBUG 11148 --- [Test worker] org.hibernate.type.BasicTypeRegistry     : Adding type registration materialized_nclob -> org.hibernate.type.MaterializedNClobType@2c748a15
2022-01-26 10:15:55.607 DEBUG 11148 --- [Test worker] org.hibernate.type.BasicTypeRegistry     : Adding type registration serializable -> org.hibernate.type.SerializableType@6cae2e4d
2022-01-26 10:15:55.610 DEBUG 11148 --- [Test worker] org.hibernate.type.BasicTypeRegistry     : Adding type registration object -> org.hibernate.type.ObjectType@abad89c
2022-01-26 10:15:55.610 DEBUG 11148 --- [Test worker] org.hibernate.type.BasicTypeRegistry     : Adding type registration java.lang.Object -> org.hibernate.type.ObjectType@abad89c
2022-01-26 10:15:55.610 DEBUG 11148 --- [Test worker] org.hibernate.type.BasicTypeRegistry     : Adding type registration imm_date -> org.hibernate.type.AdaptedImmutableType@4dfe8b37
2022-01-26 10:15:55.610 DEBUG 11148 --- [Test worker] org.hibernate.type.BasicTypeRegistry     : Adding type registration imm_time -> org.hibernate.type.AdaptedImmutableType@11dcd42c
2022-01-26 10:15:55.611 DEBUG 11148 --- [Test worker] org.hibernate.type.BasicTypeRegistry     : Adding type registration imm_timestamp -> org.hibernate.type.AdaptedImmutableType@d13baac
2022-01-26 10:15:55.611 DEBUG 11148 --- [Test worker] org.hibernate.type.BasicTypeRegistry     : Adding type registration imm_dbtimestamp -> org.hibernate.type.AdaptedImmutableType@4c302f38
2022-01-26 10:15:55.611 DEBUG 11148 --- [Test worker] org.hibernate.type.BasicTypeRegistry     : Adding type registration imm_calendar -> org.hibernate.type.AdaptedImmutableType@75aea2ba
2022-01-26 10:15:55.611 DEBUG 11148 --- [Test worker] org.hibernate.type.BasicTypeRegistry     : Adding type registration imm_calendar_date -> org.hibernate.type.AdaptedImmutableType@2a47597
2022-01-26 10:15:55.611 DEBUG 11148 --- [Test worker] org.hibernate.type.BasicTypeRegistry     : Adding type registration imm_binary -> org.hibernate.type.AdaptedImmutableType@12f279b5
2022-01-26 10:15:55.611 DEBUG 11148 --- [Test worker] org.hibernate.type.BasicTypeRegistry     : Adding type registration imm_serializable -> org.hibernate.type.AdaptedImmutableType@5ff6dd3c
2022-01-26 10:15:55.661  INFO 11148 --- [Test worker] org.hibernate.dialect.Dialect            : HHH000400: Using dialect: org.hibernate.dialect.MySQL57Dialect
2022-01-26 10:15:55.690 DEBUG 11148 --- [Test worker] o.h.type.spi.TypeConfiguration$Scope     : Scoping TypeConfiguration [org.hibernate.type.spi.TypeConfiguration@28cd2c2] to MetadataBuildingContext [org.hibernate.boot.internal.MetadataBuildingContextRootImpl@8e25d3f]
2022-01-26 10:15:55.917 DEBUG 11148 --- [Test worker] org.hibernate.type.EnumType              : Using NAMED-based conversion for Enum com.ssafy.pettodoctor.api.domain.PaymentType
2022-01-26 10:15:55.919 DEBUG 11148 --- [Test worker] org.hibernate.type.EnumType              : Using NAMED-based conversion for Enum com.ssafy.pettodoctor.api.domain.TreatmentType
2022-01-26 10:15:55.919 DEBUG 11148 --- [Test worker] org.hibernate.type.EnumType              : Using NAMED-based conversion for Enum com.ssafy.pettodoctor.api.domain.NoticeType
2022-01-26 10:15:55.919 DEBUG 11148 --- [Test worker] o.h.type.spi.TypeConfiguration$Scope     : Scoping TypeConfiguration [org.hibernate.type.spi.TypeConfiguration@28cd2c2] to SessionFactoryImpl [org.hibernate.internal.SessionFactoryImpl@31ab1e67]
2022-01-26 10:15:56.239  INFO 11148 --- [Test worker] o.h.e.t.j.p.i.JtaPlatformInitiator       : HHH000490: Using JtaPlatform implementation: [org.hibernate.engine.transaction.jta.platform.internal.NoJtaPlatform]
2022-01-26 10:15:56.246 TRACE 11148 --- [Test worker] o.h.type.spi.TypeConfiguration$Scope     : Handling #sessionFactoryCreated from [org.hibernate.internal.SessionFactoryImpl@31ab1e67] for TypeConfiguration
2022-01-26 10:15:56.247  INFO 11148 --- [Test worker] j.LocalContainerEntityManagerFactoryBean : Initialized JPA EntityManagerFactory for persistence unit 'default'
2022-01-26 10:15:56.460  WARN 11148 --- [Test worker] JpaBaseConfiguration$JpaWebConfiguration : spring.jpa.open-in-view is enabled by default. Therefore, database queries may be performed during view rendering. Explicitly configure spring.jpa.open-in-view to disable this warning
2022-01-26 10:15:56.657 DEBUG 11148 --- [Test worker] s.w.s.m.m.a.RequestMappingHandlerAdapter : ControllerAdvice beans: 0 @ModelAttribute, 0 @InitBinder, 1 RequestBodyAdvice, 1 ResponseBodyAdvice
2022-01-26 10:15:56.734 DEBUG 11148 --- [Test worker] s.w.s.m.m.a.RequestMappingHandlerMapping : 2 mappings in 'requestMappingHandlerMapping'
2022-01-26 10:15:56.806 DEBUG 11148 --- [Test worker] o.s.w.s.handler.SimpleUrlHandlerMapping  : Patterns [/webjars/**, /**] in 'resourceHandlerMapping'
2022-01-26 10:15:56.819 DEBUG 11148 --- [Test worker] .m.m.a.ExceptionHandlerExceptionResolver : ControllerAdvice beans: 0 @ExceptionHandler, 1 ResponseBodyAdvice
2022-01-26 10:15:57.118  INFO 11148 --- [Test worker] .s.s.UserDetailsServiceAutoConfiguration : 

Using generated security password: 2b131f15-c7c1-4773-be01-bfa02686c47e

2022-01-26 10:15:57.331  INFO 11148 --- [Test worker] o.s.s.web.DefaultSecurityFilterChain     : Will secure any request with [org.springframework.security.web.context.request.async.WebAsyncManagerIntegrationFilter@407f2029, org.springframework.security.web.context.SecurityContextPersistenceFilter@31533eb1, org.springframework.security.web.header.HeaderWriterFilter@343d1d25, org.springframework.security.web.csrf.CsrfFilter@6d9428f3, org.springframework.security.web.authentication.logout.LogoutFilter@7d1cdeb1, org.springframework.security.web.authentication.UsernamePasswordAuthenticationFilter@775c4054, org.springframework.security.web.authentication.ui.DefaultLoginPageGeneratingFilter@3ee258, org.springframework.security.web.authentication.ui.DefaultLogoutPageGeneratingFilter@77020328, org.springframework.security.web.authentication.www.BasicAuthenticationFilter@6b3b2c34, org.springframework.security.web.savedrequest.RequestCacheAwareFilter@8cb7185, org.springframework.security.web.servletapi.SecurityContextHolderAwareRequestFilter@2c54c497, org.springframework.security.web.authentication.AnonymousAuthenticationFilter@45eacb70, org.springframework.security.web.session.SessionManagementFilter@e5c5e6, org.springframework.security.web.access.ExceptionTranslationFilter@76e00bdb, org.springframework.security.web.access.intercept.FilterSecurityInterceptor@12548f9a]
2022-01-26 10:15:57.421  INFO 11148 --- [Test worker] c.s.p.a.r.TestTableRepositoryTest        : Started TestTableRepositoryTest in 3.794 seconds (JVM running for 4.925)
2022-01-26 10:15:57.520  INFO 11148 --- [Test worker] o.s.t.c.transaction.TransactionContext   : Began transaction (1) for test context [DefaultTestContext@41709512 testClass = TestTableRepositoryTest, testInstance = com.ssafy.pettodoctor.api.repository.TestTableRepositoryTest@2375a976, testMethod = testTable@TestTableRepositoryTest, testException = [null], mergedContextConfiguration = [WebMergedContextConfiguration@42039326 testClass = TestTableRepositoryTest, locations = '{}', classes = '{class com.ssafy.pettodoctor.PetToDoctorApplication}', contextInitializerClasses = '[]', activeProfiles = '{}', propertySourceLocations = '{}', propertySourceProperties = '{org.springframework.boot.test.context.SpringBootTestContextBootstrapper=true}', contextCustomizers = set[org.springframework.boot.test.autoconfigure.actuate.metrics.MetricsExportContextCustomizerFactory$DisableMetricExportContextCustomizer@23e84203, org.springframework.boot.test.autoconfigure.properties.PropertyMappingContextCustomizer@0, org.springframework.boot.test.autoconfigure.web.servlet.WebDriverContextCustomizerFactory$Customizer@66982506, org.springframework.boot.test.context.filter.ExcludeFilterContextCustomizer@65987993, org.springframework.boot.test.json.DuplicateJsonObjectContextCustomizerFactory$DuplicateJsonObjectContextCustomizer@6b695b06, org.springframework.boot.test.mock.mockito.MockitoContextCustomizer@0, org.springframework.boot.test.web.client.TestRestTemplateContextCustomizer@15a34df2, org.springframework.boot.test.context.SpringBootTestArgs@1, org.springframework.boot.test.context.SpringBootTestWebEnvironment@433d61fb], resourceBasePath = 'src/main/webapp', contextLoader = 'org.springframework.boot.test.context.SpringBootContextLoader', parent = [null]], attributes = map['org.springframework.test.context.web.ServletTestExecutionListener.activateListener' -> true, 'org.springframework.test.context.web.ServletTestExecutionListener.populatedRequestContextHolder' -> true, 'org.springframework.test.context.web.ServletTestExecutionListener.resetRequestContextHolder' -> true, 'org.springframework.test.context.event.ApplicationEventsTestExecutionListener.recordApplicationEvents' -> false]]; transaction manager [org.springframework.orm.jpa.JpaTransactionManager@54e0f76f]; rollback [false]
2022-01-26 10:15:57.597 DEBUG 11148 --- [Test worker] org.hibernate.SQL                        : 
    select
        next_val as id_val 
    from
        hibernate_sequence for update
            
2022-01-26 10:15:57.642  INFO 11148 --- [Test worker] p6spy                                    : #1643159757642 | took 25ms | statement | connection 3| url jdbc:mysql://3.34.138.92:7777/tmp2?useUnicode=true&characterEncoding=utf8&serverTimezone=Asia/Seoul&zeroDateTimeBehavior=convertToNull&rewriteBatchedStatements=true
select next_val as id_val from hibernate_sequence for update
select next_val as id_val from hibernate_sequence for update;
2022-01-26 10:15:57.643 DEBUG 11148 --- [Test worker] org.hibernate.SQL                        : 
    update
        hibernate_sequence 
    set
        next_val= ? 
    where
        next_val=?
2022-01-26 10:15:57.650  INFO 11148 --- [Test worker] p6spy                                    : #1643159757650 | took 6ms | statement | connection 3| url jdbc:mysql://3.34.138.92:7777/tmp2?useUnicode=true&characterEncoding=utf8&serverTimezone=Asia/Seoul&zeroDateTimeBehavior=convertToNull&rewriteBatchedStatements=true
update hibernate_sequence set next_val= ? where next_val=?
update hibernate_sequence set next_val= 20 where next_val=19;
2022-01-26 10:15:57.666  INFO 11148 --- [Test worker] p6spy                                    : #1643159757666 | took 14ms | commit | connection 3| url jdbc:mysql://3.34.138.92:7777/tmp2?useUnicode=true&characterEncoding=utf8&serverTimezone=Asia/Seoul&zeroDateTimeBehavior=convertToNull&rewriteBatchedStatements=true

;
2022-01-26 10:15:57.697 DEBUG 11148 --- [Test worker] org.hibernate.SQL                        : 
    select
        next_val as id_val 
    from
        hibernate_sequence for update
            
2022-01-26 10:15:57.705  INFO 11148 --- [Test worker] p6spy                                    : #1643159757705 | took 7ms | statement | connection 4| url jdbc:mysql://3.34.138.92:7777/tmp2?useUnicode=true&characterEncoding=utf8&serverTimezone=Asia/Seoul&zeroDateTimeBehavior=convertToNull&rewriteBatchedStatements=true
select next_val as id_val from hibernate_sequence for update
select next_val as id_val from hibernate_sequence for update;
2022-01-26 10:15:57.705 DEBUG 11148 --- [Test worker] org.hibernate.SQL                        : 
    update
        hibernate_sequence 
    set
        next_val= ? 
    where
        next_val=?
2022-01-26 10:15:57.711  INFO 11148 --- [Test worker] p6spy                                    : #1643159757711 | took 5ms | statement | connection 4| url jdbc:mysql://3.34.138.92:7777/tmp2?useUnicode=true&characterEncoding=utf8&serverTimezone=Asia/Seoul&zeroDateTimeBehavior=convertToNull&rewriteBatchedStatements=true
update hibernate_sequence set next_val= ? where next_val=?
update hibernate_sequence set next_val= 21 where next_val=20;
2022-01-26 10:15:57.720  INFO 11148 --- [Test worker] p6spy                                    : #1643159757720 | took 8ms | commit | connection 4| url jdbc:mysql://3.34.138.92:7777/tmp2?useUnicode=true&characterEncoding=utf8&serverTimezone=Asia/Seoul&zeroDateTimeBehavior=convertToNull&rewriteBatchedStatements=true

;
2022-01-26 10:15:57.797 DEBUG 11148 --- [Test worker] org.hibernate.SQL                        : 
    insert 
    into
        test_table
        (name, id) 
    values
        (?, ?)
2022-01-26 10:15:57.800 TRACE 11148 --- [Test worker] o.h.type.descriptor.sql.BasicBinder      : binding parameter [1] as [VARCHAR] - [AA]
2022-01-26 10:15:57.801 TRACE 11148 --- [Test worker] o.h.type.descriptor.sql.BasicBinder      : binding parameter [2] as [BIGINT] - [19]
2022-01-26 10:15:57.808  INFO 11148 --- [Test worker] p6spy                                    : #1643159757808 | took 5ms | statement | connection 2| url jdbc:mysql://3.34.138.92:7777/tmp2?useUnicode=true&characterEncoding=utf8&serverTimezone=Asia/Seoul&zeroDateTimeBehavior=convertToNull&rewriteBatchedStatements=true
insert into test_table (name, id) values (?, ?)
insert into test_table (name, id) values ('AA', 19);
2022-01-26 10:15:57.809 DEBUG 11148 --- [Test worker] org.hibernate.SQL                        : 
    insert 
    into
        test_table
        (name, id) 
    values
        (?, ?)
2022-01-26 10:15:57.810 TRACE 11148 --- [Test worker] o.h.type.descriptor.sql.BasicBinder      : binding parameter [1] as [VARCHAR] - [BB]
2022-01-26 10:15:57.810 TRACE 11148 --- [Test worker] o.h.type.descriptor.sql.BasicBinder      : binding parameter [2] as [BIGINT] - [20]
2022-01-26 10:15:57.815  INFO 11148 --- [Test worker] p6spy                                    : #1643159757815 | took 5ms | statement | connection 2| url jdbc:mysql://3.34.138.92:7777/tmp2?useUnicode=true&characterEncoding=utf8&serverTimezone=Asia/Seoul&zeroDateTimeBehavior=convertToNull&rewriteBatchedStatements=true
insert into test_table (name, id) values (?, ?)
insert into test_table (name, id) values ('BB', 20);
2022-01-26 10:15:57.826  INFO 11148 --- [Test worker] p6spy                                    : #1643159757826 | took 9ms | commit | connection 2| url jdbc:mysql://3.34.138.92:7777/tmp2?useUnicode=true&characterEncoding=utf8&serverTimezone=Asia/Seoul&zeroDateTimeBehavior=convertToNull&rewriteBatchedStatements=true

;
2022-01-26 10:15:57.832  INFO 11148 --- [Test worker] o.s.t.c.transaction.TransactionContext   : Committed transaction for test: [DefaultTestContext@41709512 testClass = TestTableRepositoryTest, testInstance = com.ssafy.pettodoctor.api.repository.TestTableRepositoryTest@2375a976, testMethod = testTable@TestTableRepositoryTest, testException = [null], mergedContextConfiguration = [WebMergedContextConfiguration@42039326 testClass = TestTableRepositoryTest, locations = '{}', classes = '{class com.ssafy.pettodoctor.PetToDoctorApplication}', contextInitializerClasses = '[]', activeProfiles = '{}', propertySourceLocations = '{}', propertySourceProperties = '{org.springframework.boot.test.context.SpringBootTestContextBootstrapper=true}', contextCustomizers = set[org.springframework.boot.test.autoconfigure.actuate.metrics.MetricsExportContextCustomizerFactory$DisableMetricExportContextCustomizer@23e84203, org.springframework.boot.test.autoconfigure.properties.PropertyMappingContextCustomizer@0, org.springframework.boot.test.autoconfigure.web.servlet.WebDriverContextCustomizerFactory$Customizer@66982506, org.springframework.boot.test.context.filter.ExcludeFilterContextCustomizer@65987993, org.springframework.boot.test.json.DuplicateJsonObjectContextCustomizerFactory$DuplicateJsonObjectContextCustomizer@6b695b06, org.springframework.boot.test.mock.mockito.MockitoContextCustomizer@0, org.springframework.boot.test.web.client.TestRestTemplateContextCustomizer@15a34df2, org.springframework.boot.test.context.SpringBootTestArgs@1, org.springframework.boot.test.context.SpringBootTestWebEnvironment@433d61fb], resourceBasePath = 'src/main/webapp', contextLoader = 'org.springframework.boot.test.context.SpringBootContextLoader', parent = [null]], attributes = map['org.springframework.test.context.web.ServletTestExecutionListener.activateListener' -> true, 'org.springframework.test.context.web.ServletTestExecutionListener.populatedRequestContextHolder' -> true, 'org.springframework.test.context.web.ServletTestExecutionListener.resetRequestContextHolder' -> true, 'org.springframework.test.context.event.ApplicationEventsTestExecutionListener.recordApplicationEvents' -> false]]
2022-01-26 10:15:57.853 DEBUG 11148 --- [SpringApplicationShutdownHook] o.s.w.c.s.GenericWebApplicationContext   : Closing org.springframework.web.context.support.GenericWebApplicationContext@741b3bc3, started on Wed Jan 26 10:15:53 KST 2022
2022-01-26 10:15:57.858  INFO 11148 --- [SpringApplicationShutdownHook] j.LocalContainerEntityManagerFactoryBean : Closing JPA EntityManagerFactory for persistence unit 'default'
2022-01-26 10:15:57.859 TRACE 11148 --- [SpringApplicationShutdownHook] o.h.type.spi.TypeConfiguration$Scope     : Handling #sessionFactoryClosed from [org.hibernate.internal.SessionFactoryImpl@31ab1e67] for TypeConfiguration
2022-01-26 10:15:57.859 DEBUG 11148 --- [SpringApplicationShutdownHook] o.h.type.spi.TypeConfiguration$Scope     : Un-scoping TypeConfiguration [org.hibernate.type.spi.TypeConfiguration$Scope@70294ad5] from SessionFactory [org.hibernate.internal.SessionFactoryImpl@31ab1e67]
2022-01-26 10:15:57.860  INFO 11148 --- [SpringApplicationShutdownHook] com.zaxxer.hikari.HikariDataSource       : HikariPool-1 - Shutdown initiated...
2022-01-26 10:15:57.865  INFO 11148 --- [SpringApplicationShutdownHook] com.zaxxer.hikari.HikariDataSource       : HikariPool-1 - Shutdown completed.
